<?xml version="1.0" encoding="UTF-8"?>
<testng-results skipped="0" failed="0" ignored="0" total="5" passed="5">
  <reporter-output>
  </reporter-output>
  <suite name="Surefire suite" duration-ms="1201" started-at="2018-11-16T05:45:45Z" finished-at="2018-11-16T05:45:47Z">
    <groups>
      <group name="cucumber">
        <method signature="CucumberTestRunnerWD.feature(cucumber.api.testng.PickleEventWrapper, cucumber.api.testng.CucumberFeatureWrapper)[pri:0, instance:CucumberTestRunnerWD@5cc7c2a6]" name="feature" class="CucumberTestRunnerWD"/>
      </group> <!-- cucumber -->
    </groups>
    <test name="Surefire test" duration-ms="1201" started-at="2018-11-16T05:45:45Z" finished-at="2018-11-16T05:45:47Z">
      <class name="CucumberTestRunnerWD">
        <test-method status="PASS" signature="setUpClass()[pri:0, instance:CucumberTestRunnerWD@5cc7c2a6]" name="setUpClass" is-config="true" duration-ms="165" started-at="2018-11-16T05:45:45Z" finished-at="2018-11-16T05:45:46Z">
          <reporter-output>
          </reporter-output>
        </test-method> <!-- setUpClass -->
        <test-method status="PASS" signature="feature(cucumber.api.testng.PickleEventWrapper, cucumber.api.testng.CucumberFeatureWrapper)[pri:0, instance:CucumberTestRunnerWD@5cc7c2a6]" name="feature" duration-ms="240" started-at="2018-11-16T05:45:46Z" description="Runs Cucumber Scenarios" data-provider="scenarios" finished-at="2018-11-16T05:45:46Z">
          <params>
            <param index="0">
              <value>
                <![CDATA["This is test scenario name 1"]]>
              </value>
            </param>
            <param index="1">
              <value>
                <![CDATA["This is test feature file"]]>
              </value>
            </param>
          </params>
          <reporter-output>
          </reporter-output>
        </test-method> <!-- feature -->
        <test-method status="PASS" signature="feature(cucumber.api.testng.PickleEventWrapper, cucumber.api.testng.CucumberFeatureWrapper)[pri:0, instance:CucumberTestRunnerWD@5cc7c2a6]" name="feature" duration-ms="8" started-at="2018-11-16T05:45:46Z" description="Runs Cucumber Scenarios" data-provider="scenarios" finished-at="2018-11-16T05:45:46Z">
          <params>
            <param index="0">
              <value>
                <![CDATA["This is test scenario name 2"]]>
              </value>
            </param>
            <param index="1">
              <value>
                <![CDATA["This is test feature file"]]>
              </value>
            </param>
          </params>
          <reporter-output>
          </reporter-output>
        </test-method> <!-- feature -->
        <test-method status="PASS" signature="feature(cucumber.api.testng.PickleEventWrapper, cucumber.api.testng.CucumberFeatureWrapper)[pri:0, instance:CucumberTestRunnerWD@5cc7c2a6]" name="feature" duration-ms="4" started-at="2018-11-16T05:45:46Z" description="Runs Cucumber Scenarios" data-provider="scenarios" finished-at="2018-11-16T05:45:46Z">
          <params>
            <param index="0">
              <value>
                <![CDATA["This is test scenario name 3"]]>
              </value>
            </param>
            <param index="1">
              <value>
                <![CDATA["This is test feature file"]]>
              </value>
            </param>
          </params>
          <reporter-output>
          </reporter-output>
        </test-method> <!-- feature -->
        <test-method status="PASS" signature="feature(cucumber.api.testng.PickleEventWrapper, cucumber.api.testng.CucumberFeatureWrapper)[pri:0, instance:CucumberTestRunnerWD@5cc7c2a6]" name="feature" duration-ms="3" started-at="2018-11-16T05:45:46Z" description="Runs Cucumber Scenarios" data-provider="scenarios" finished-at="2018-11-16T05:45:46Z">
          <params>
            <param index="0">
              <value>
                <![CDATA["This is test scenario name 4"]]>
              </value>
            </param>
            <param index="1">
              <value>
                <![CDATA["This is test feature file"]]>
              </value>
            </param>
          </params>
          <reporter-output>
          </reporter-output>
        </test-method> <!-- feature -->
        <test-method status="PASS" signature="feature(cucumber.api.testng.PickleEventWrapper, cucumber.api.testng.CucumberFeatureWrapper)[pri:0, instance:CucumberTestRunnerWD@5cc7c2a6]" name="feature" duration-ms="5" started-at="2018-11-16T05:45:46Z" description="Runs Cucumber Scenarios" data-provider="scenarios" finished-at="2018-11-16T05:45:46Z">
          <params>
            <param index="0">
              <value>
                <![CDATA["This is test scenario name 5"]]>
              </value>
            </param>
            <param index="1">
              <value>
                <![CDATA["This is test feature file"]]>
              </value>
            </param>
          </params>
          <reporter-output>
          </reporter-output>
        </test-method> <!-- feature -->
        <test-method status="PASS" signature="tearDownClass()[pri:0, instance:CucumberTestRunnerWD@5cc7c2a6]" name="tearDownClass" is-config="true" duration-ms="707" started-at="2018-11-16T05:45:46Z" finished-at="2018-11-16T05:45:47Z">
          <reporter-output>
          </reporter-output>
        </test-method> <!-- tearDownClass -->
      </class> <!-- CucumberTestRunnerWD -->
    </test> <!-- Surefire test -->
  </suite> <!-- Surefire suite -->
</testng-results>
